<?xml version="1.0" encoding="utf-8"?><testsuites><testsuite errors="0" failures="0" hostname="sam-Precision-Tower-5810" name="pytest" skipped="0" tests="8" time="25.091" timestamp="2021-12-01T11:04:44.561029"><testcase classname="smarts.core.tests.test_python_version" name="test_python_version" time="0.002" /><testcase classname="smarts.core.tests.test_dynamics_backend" name="test_set_pose" time="0.023" /><testcase classname="smarts.core.tests.test_sumo_version" name="test_sumo_version" time="0.119" /><testcase classname="smarts.core.tests.test_sensors" name="test_waypoints_sensor" time="0.488" /><testcase classname="smarts.core.tests.test_smarts" name="test_smarts_doesnt_leak_tasks_after_reset" time="5.938" /><testcase classname="smarts.env.tests.test_social_agent" name="test_social_agents" time="12.917" /><testcase classname="tests.test_examples" name="test_examples[multi_agent]" time="13.708" /><testcase classname="tests.test_examples" name="test_multi_instance_example" time="8.253" /></testsuite></testsuites>